Arguments: 
  C:\Program Files\nodejs\node.exe C:\Users\tranb\AppData\Roaming\npm\node_modules\yarn\bin\yarn.js install

PATH: 
  C:\Users\tranb\bin;C:\Program Files\Git\mingw64\bin;C:\Program Files\Git\usr\local\bin;C:\Program Files\Git\usr\bin;C:\Program Files\Git\usr\bin;C:\Program Files\Git\mingw64\bin;C:\Program Files\Git\usr\bin;C:\Users\tranb\bin;C:\Program Files\AdoptOpenJDK\jdk-11.0.10.9-hotspot\bin;C:\Windows\system32;C:\Windows;C:\Windows\System32\Wbem;C:\Windows\System32\WindowsPowerShell\v1.0;C:\Windows\System32\OpenSSH;C:\Program Files\NVIDIA Corporation\NVIDIA NvDLISR;C:\Program Files\Java\jdk1.8.0_281\bin;C:\Program Files (x86)\NVIDIA Corporation\PhysX\Common;C:\Program Files\dotnet;C:\cygwin64\bin;C:\Program Files\Microsoft SQL Server\Client SDK\ODBC\170\Tools\Binn;C:\Program Files (x86)\Microsoft SQL Server\150\Tools\Binn;C:\Program Files\Microsoft SQL Server\150\Tools\Binn;C:\Program Files\Microsoft SQL Server\150\DTS\Binn;C:\Program Files (x86)\Microsoft SQL Server\150\DTS\Binn;C:\Program Files\Azure Data Studio\bin;C:\Program Files\Git\cmd;C:\Program Files\nodejs;C:\Users\tranb\AppData\Local\Programs\Python\Python311\Scripts;C:\Users\tranb\AppData\Local\Programs\Python\Python311;C:\Program Files\MySQL\MySQL Shell 8.0\bin;C:\Users\tranb\AppData\Local\Microsoft\WindowsApps;C:\Users\tranb\AppData\Local\Programs\Microsoft VS Code\bin;C:\Users\tranb\AppData\Local\GitHubDesktop\bin;C:\xampp\php;C:\Users\tranb\composer;C:\Users\tranb\AppData\Roaming\Composer\vendor\bin;C:\cygwin64\bin;C:\ProgramData\tranb\GitHubDesktop\bin;C:\Program Files\Azure Data Studio\bin;C:\Users\tranb\AppData\Roaming\npm;C:\Users\tranb\.dotnet\tools;C:\Program Files\Git\usr\bin\vendor_perl;C:\Program Files\Git\usr\bin\core_perl

Yarn version: 
  1.22.19

Node version: 
  16.17.0

Platform: 
  win32 x64

Trace: 
  Error: connect ECONNABORTED 104.16.0.35:443
      at TCPConnectWrap.afterConnect [as oncomplete] (node:net:1247:16)

npm manifest: 
  {
    "name": "nodejs-typescript",
    "version": "1.0.0",
    "description": "",
    "main": "index.js",
    "scripts": {
      "dev": "npx nodemon",
      "build": "rimraf ./dist && tsc && tsc-alias",
      "start": "node dist/index.js",
      "lint": "eslint .",
      "lint:fix": "eslint . --fix",
      "prettier": "prettier --check .",
      "prettier:fix": "prettier --write ."
    },
    "keywords": [],
    "author": "",
    "license": "ISC",
    "devDependencies": {
      "@types/lodash": "^4.14.196",
      "@types/node": "^20.3.1",
      "@typescript-eslint/eslint-plugin": "^5.60.0",
      "@typescript-eslint/parser": "^5.60.0",
      "eslint": "^8.43.0",
      "eslint-config-prettier": "^8.8.0",
      "eslint-plugin-prettier": "^4.2.1",
      "nodemon": "^2.0.22",
      "prettier": "^2.8.8",
      "rimraf": "^5.0.1",
      "ts-node": "^10.9.1",
      "tsc-alias": "^1.8.6",
      "tsconfig-paths": "^4.2.0",
      "typescript": "^5.1.3"
    },
    "dependencies": {
      "@types/express": "^4.17.17",
      "@types/jsonwebtoken": "^9.0.2",
      "dotenv": "^16.3.1",
      "express-validator": "^7.0.1",
      "jsonwebtoken": "^9.0.1",
      "lodash": "^4.17.21",
      "mongodb": "^5.6.0"
    }
  }

yarn manifest: 
  No manifest

Lockfile: 
  No lockfile
